{
  "stats": {
    "suites": 1,
    "tests": 6,
    "passes": 6,
    "pending": 0,
    "failures": 0,
    "start": "2017-04-06T21:50:17.592Z",
    "end": "2017-04-06T21:50:17.612Z",
    "duration": 20,
    "testsRegistered": 6,
    "passPercent": 100,
    "pendingPercent": 0,
    "other": 0,
    "hasOther": false,
    "skipped": 0,
    "hasSkipped": false,
    "passPercentClass": "success",
    "pendingPercentClass": "danger"
  },
  "suites": {
    "title": "",
    "suites": [
      {
        "title": "Tests ",
        "suites": [],
        "tests": [
          {
            "title": "Recibe el archivo y los valores resultantes por la division son iguales a los del ejemplo",
            "fullTitle": "Tests  Recibe el archivo y los valores resultantes por la division son iguales a los del ejemplo",
            "timedOut": false,
            "duration": 3,
            "state": "passed",
            "speed": "fast",
            "pass": true,
            "fail": false,
            "pending": false,
            "code": "expect(arrayReponse).to.deep.equal(arrayTest);",
            "err": {},
            "isRoot": false,
            "uuid": "29a3b507-f4f6-405e-84e4-ada59a1da47b",
            "parentUUID": "5a0ff321-01ec-4429-9525-5f81db091302",
            "skipped": false
          },
          {
            "title": "Obtiene el average",
            "fullTitle": "Tests  Obtiene el average",
            "timedOut": false,
            "duration": 0,
            "state": "passed",
            "speed": "fast",
            "pass": true,
            "fail": false,
            "pending": false,
            "code": "expect(average).to.be.equal(2.801517529591993);",
            "err": {},
            "isRoot": false,
            "uuid": "79d9e9ed-566b-452c-a99f-6d0d4e1074ef",
            "parentUUID": "5a0ff321-01ec-4429-9525-5f81db091302",
            "skipped": false
          },
          {
            "title": "Obtiene la varianza",
            "fullTitle": "Tests  Obtiene la varianza",
            "timedOut": false,
            "duration": 0,
            "state": "passed",
            "speed": "fast",
            "pass": true,
            "fail": false,
            "pending": false,
            "code": "expect(variance).to.be.equal(0.43625283003464466);",
            "err": {},
            "isRoot": false,
            "uuid": "ec0abb99-1cfd-492c-b9b0-6d41ab5ec9e4",
            "parentUUID": "5a0ff321-01ec-4429-9525-5f81db091302",
            "skipped": false
          },
          {
            "title": "Obtiene la desviacion estandar",
            "fullTitle": "Tests  Obtiene la desviacion estandar",
            "timedOut": false,
            "duration": 0,
            "state": "passed",
            "speed": "fast",
            "pass": true,
            "fail": false,
            "pending": false,
            "code": "expect(standarDeviation).to.be.equal(0.6604943830454917);",
            "err": {},
            "isRoot": false,
            "uuid": "d76820b4-1187-4623-8e59-94ae62495935",
            "parentUUID": "5a0ff321-01ec-4429-9525-5f81db091302",
            "skipped": false
          },
          {
            "title": "Obtiene los rangos logaritmicos",
            "fullTitle": "Tests  Obtiene los rangos logaritmicos",
            "timedOut": false,
            "duration": 0,
            "state": "passed",
            "speed": "fast",
            "pass": true,
            "fail": false,
            "pending": false,
            "code": "expect(logarithmicRanges).to.deep.equal(logarithmicRangesTest);",
            "err": {},
            "isRoot": false,
            "uuid": "e93644ee-b366-4e8f-949d-6650e4e678f4",
            "parentUUID": "5a0ff321-01ec-4429-9525-5f81db091302",
            "skipped": false
          },
          {
            "title": "Obtiene los rangos normalizados",
            "fullTitle": "Tests  Obtiene los rangos normalizados",
            "timedOut": false,
            "duration": 0,
            "state": "passed",
            "speed": "fast",
            "pass": true,
            "fail": false,
            "pending": false,
            "code": "expect(normalizedRanges).to.deep.equal(normalizedRangesTest);",
            "err": {},
            "isRoot": false,
            "uuid": "8ecf3c60-c541-4ee7-8c58-a2a6ac0f96ca",
            "parentUUID": "5a0ff321-01ec-4429-9525-5f81db091302",
            "skipped": false
          }
        ],
        "pending": [],
        "root": false,
        "_timeout": 2000,
        "file": "/test/test.js",
        "uuid": "5a0ff321-01ec-4429-9525-5f81db091302",
        "fullFile": "/Users/aw2/nodeProjects/PruebasPSP/psp2/test/test.js",
        "passes": [
          {
            "title": "Recibe el archivo y los valores resultantes por la division son iguales a los del ejemplo",
            "fullTitle": "Tests  Recibe el archivo y los valores resultantes por la division son iguales a los del ejemplo",
            "timedOut": false,
            "duration": 3,
            "state": "passed",
            "speed": "fast",
            "pass": true,
            "fail": false,
            "pending": false,
            "code": "expect(arrayReponse).to.deep.equal(arrayTest);",
            "err": {},
            "isRoot": false,
            "uuid": "29a3b507-f4f6-405e-84e4-ada59a1da47b",
            "parentUUID": "5a0ff321-01ec-4429-9525-5f81db091302",
            "skipped": false
          },
          {
            "title": "Obtiene el average",
            "fullTitle": "Tests  Obtiene el average",
            "timedOut": false,
            "duration": 0,
            "state": "passed",
            "speed": "fast",
            "pass": true,
            "fail": false,
            "pending": false,
            "code": "expect(average).to.be.equal(2.801517529591993);",
            "err": {},
            "isRoot": false,
            "uuid": "79d9e9ed-566b-452c-a99f-6d0d4e1074ef",
            "parentUUID": "5a0ff321-01ec-4429-9525-5f81db091302",
            "skipped": false
          },
          {
            "title": "Obtiene la varianza",
            "fullTitle": "Tests  Obtiene la varianza",
            "timedOut": false,
            "duration": 0,
            "state": "passed",
            "speed": "fast",
            "pass": true,
            "fail": false,
            "pending": false,
            "code": "expect(variance).to.be.equal(0.43625283003464466);",
            "err": {},
            "isRoot": false,
            "uuid": "ec0abb99-1cfd-492c-b9b0-6d41ab5ec9e4",
            "parentUUID": "5a0ff321-01ec-4429-9525-5f81db091302",
            "skipped": false
          },
          {
            "title": "Obtiene la desviacion estandar",
            "fullTitle": "Tests  Obtiene la desviacion estandar",
            "timedOut": false,
            "duration": 0,
            "state": "passed",
            "speed": "fast",
            "pass": true,
            "fail": false,
            "pending": false,
            "code": "expect(standarDeviation).to.be.equal(0.6604943830454917);",
            "err": {},
            "isRoot": false,
            "uuid": "d76820b4-1187-4623-8e59-94ae62495935",
            "parentUUID": "5a0ff321-01ec-4429-9525-5f81db091302",
            "skipped": false
          },
          {
            "title": "Obtiene los rangos logaritmicos",
            "fullTitle": "Tests  Obtiene los rangos logaritmicos",
            "timedOut": false,
            "duration": 0,
            "state": "passed",
            "speed": "fast",
            "pass": true,
            "fail": false,
            "pending": false,
            "code": "expect(logarithmicRanges).to.deep.equal(logarithmicRangesTest);",
            "err": {},
            "isRoot": false,
            "uuid": "e93644ee-b366-4e8f-949d-6650e4e678f4",
            "parentUUID": "5a0ff321-01ec-4429-9525-5f81db091302",
            "skipped": false
          },
          {
            "title": "Obtiene los rangos normalizados",
            "fullTitle": "Tests  Obtiene los rangos normalizados",
            "timedOut": false,
            "duration": 0,
            "state": "passed",
            "speed": "fast",
            "pass": true,
            "fail": false,
            "pending": false,
            "code": "expect(normalizedRanges).to.deep.equal(normalizedRangesTest);",
            "err": {},
            "isRoot": false,
            "uuid": "8ecf3c60-c541-4ee7-8c58-a2a6ac0f96ca",
            "parentUUID": "5a0ff321-01ec-4429-9525-5f81db091302",
            "skipped": false
          }
        ],
        "failures": [],
        "skipped": [],
        "hasTests": true,
        "hasSuites": false,
        "totalTests": 6,
        "totalPasses": 6,
        "totalFailures": 0,
        "totalPending": 0,
        "totalSkipped": 0,
        "hasPasses": true,
        "hasFailures": false,
        "hasPending": false,
        "hasSkipped": false,
        "duration": 3,
        "rootEmpty": false
      }
    ],
    "tests": [],
    "pending": [],
    "root": true,
    "_timeout": 2000,
    "uuid": "5fe6f937-534f-440e-b8d1-3390dbb2e5b3",
    "fullFile": "",
    "file": "",
    "passes": [],
    "failures": [],
    "skipped": [],
    "hasTests": false,
    "hasSuites": true,
    "totalTests": 0,
    "totalPasses": 0,
    "totalFailures": 0,
    "totalPending": 0,
    "totalSkipped": 0,
    "hasPasses": false,
    "hasFailures": false,
    "hasPending": false,
    "hasSkipped": false,
    "duration": 0,
    "rootEmpty": true
  },
  "allTests": [
    {
      "title": "Recibe el archivo y los valores resultantes por la division son iguales a los del ejemplo",
      "fullTitle": "Tests  Recibe el archivo y los valores resultantes por la division son iguales a los del ejemplo",
      "timedOut": false,
      "duration": 3,
      "state": "passed",
      "speed": "fast",
      "pass": true,
      "fail": false,
      "pending": false,
      "code": "expect(arrayReponse).to.deep.equal(arrayTest);",
      "err": {},
      "isRoot": false,
      "uuid": "29a3b507-f4f6-405e-84e4-ada59a1da47b",
      "parentUUID": "5a0ff321-01ec-4429-9525-5f81db091302",
      "skipped": false
    },
    {
      "title": "Obtiene el average",
      "fullTitle": "Tests  Obtiene el average",
      "timedOut": false,
      "duration": 0,
      "state": "passed",
      "speed": "fast",
      "pass": true,
      "fail": false,
      "pending": false,
      "code": "expect(average).to.be.equal(2.801517529591993);",
      "err": {},
      "isRoot": false,
      "uuid": "79d9e9ed-566b-452c-a99f-6d0d4e1074ef",
      "parentUUID": "5a0ff321-01ec-4429-9525-5f81db091302",
      "skipped": false
    },
    {
      "title": "Obtiene la varianza",
      "fullTitle": "Tests  Obtiene la varianza",
      "timedOut": false,
      "duration": 0,
      "state": "passed",
      "speed": "fast",
      "pass": true,
      "fail": false,
      "pending": false,
      "code": "expect(variance).to.be.equal(0.43625283003464466);",
      "err": {},
      "isRoot": false,
      "uuid": "ec0abb99-1cfd-492c-b9b0-6d41ab5ec9e4",
      "parentUUID": "5a0ff321-01ec-4429-9525-5f81db091302",
      "skipped": false
    },
    {
      "title": "Obtiene la desviacion estandar",
      "fullTitle": "Tests  Obtiene la desviacion estandar",
      "timedOut": false,
      "duration": 0,
      "state": "passed",
      "speed": "fast",
      "pass": true,
      "fail": false,
      "pending": false,
      "code": "expect(standarDeviation).to.be.equal(0.6604943830454917);",
      "err": {},
      "isRoot": false,
      "uuid": "d76820b4-1187-4623-8e59-94ae62495935",
      "parentUUID": "5a0ff321-01ec-4429-9525-5f81db091302",
      "skipped": false
    },
    {
      "title": "Obtiene los rangos logaritmicos",
      "fullTitle": "Tests  Obtiene los rangos logaritmicos",
      "timedOut": false,
      "duration": 0,
      "state": "passed",
      "speed": "fast",
      "pass": true,
      "fail": false,
      "pending": false,
      "code": "expect(logarithmicRanges).to.deep.equal(logarithmicRangesTest);",
      "err": {},
      "isRoot": false,
      "uuid": "e93644ee-b366-4e8f-949d-6650e4e678f4",
      "parentUUID": "5a0ff321-01ec-4429-9525-5f81db091302",
      "skipped": false
    },
    {
      "title": "Obtiene los rangos normalizados",
      "fullTitle": "Tests  Obtiene los rangos normalizados",
      "timedOut": false,
      "duration": 0,
      "state": "passed",
      "speed": "fast",
      "pass": true,
      "fail": false,
      "pending": false,
      "code": "expect(normalizedRanges).to.deep.equal(normalizedRangesTest);",
      "err": {},
      "isRoot": false,
      "uuid": "8ecf3c60-c541-4ee7-8c58-a2a6ac0f96ca",
      "parentUUID": "5a0ff321-01ec-4429-9525-5f81db091302",
      "skipped": false
    }
  ],
  "allPending": [],
  "allPasses": [
    {
      "title": "Recibe el archivo y los valores resultantes por la division son iguales a los del ejemplo",
      "fullTitle": "Tests  Recibe el archivo y los valores resultantes por la division son iguales a los del ejemplo",
      "timedOut": false,
      "duration": 3,
      "state": "passed",
      "speed": "fast",
      "pass": true,
      "fail": false,
      "pending": false,
      "code": "expect(arrayReponse).to.deep.equal(arrayTest);",
      "err": {},
      "isRoot": false,
      "uuid": "29a3b507-f4f6-405e-84e4-ada59a1da47b",
      "parentUUID": "5a0ff321-01ec-4429-9525-5f81db091302",
      "skipped": false
    },
    {
      "title": "Obtiene el average",
      "fullTitle": "Tests  Obtiene el average",
      "timedOut": false,
      "duration": 0,
      "state": "passed",
      "speed": "fast",
      "pass": true,
      "fail": false,
      "pending": false,
      "code": "expect(average).to.be.equal(2.801517529591993);",
      "err": {},
      "isRoot": false,
      "uuid": "79d9e9ed-566b-452c-a99f-6d0d4e1074ef",
      "parentUUID": "5a0ff321-01ec-4429-9525-5f81db091302",
      "skipped": false
    },
    {
      "title": "Obtiene la varianza",
      "fullTitle": "Tests  Obtiene la varianza",
      "timedOut": false,
      "duration": 0,
      "state": "passed",
      "speed": "fast",
      "pass": true,
      "fail": false,
      "pending": false,
      "code": "expect(variance).to.be.equal(0.43625283003464466);",
      "err": {},
      "isRoot": false,
      "uuid": "ec0abb99-1cfd-492c-b9b0-6d41ab5ec9e4",
      "parentUUID": "5a0ff321-01ec-4429-9525-5f81db091302",
      "skipped": false
    },
    {
      "title": "Obtiene la desviacion estandar",
      "fullTitle": "Tests  Obtiene la desviacion estandar",
      "timedOut": false,
      "duration": 0,
      "state": "passed",
      "speed": "fast",
      "pass": true,
      "fail": false,
      "pending": false,
      "code": "expect(standarDeviation).to.be.equal(0.6604943830454917);",
      "err": {},
      "isRoot": false,
      "uuid": "d76820b4-1187-4623-8e59-94ae62495935",
      "parentUUID": "5a0ff321-01ec-4429-9525-5f81db091302",
      "skipped": false
    },
    {
      "title": "Obtiene los rangos logaritmicos",
      "fullTitle": "Tests  Obtiene los rangos logaritmicos",
      "timedOut": false,
      "duration": 0,
      "state": "passed",
      "speed": "fast",
      "pass": true,
      "fail": false,
      "pending": false,
      "code": "expect(logarithmicRanges).to.deep.equal(logarithmicRangesTest);",
      "err": {},
      "isRoot": false,
      "uuid": "e93644ee-b366-4e8f-949d-6650e4e678f4",
      "parentUUID": "5a0ff321-01ec-4429-9525-5f81db091302",
      "skipped": false
    },
    {
      "title": "Obtiene los rangos normalizados",
      "fullTitle": "Tests  Obtiene los rangos normalizados",
      "timedOut": false,
      "duration": 0,
      "state": "passed",
      "speed": "fast",
      "pass": true,
      "fail": false,
      "pending": false,
      "code": "expect(normalizedRanges).to.deep.equal(normalizedRangesTest);",
      "err": {},
      "isRoot": false,
      "uuid": "8ecf3c60-c541-4ee7-8c58-a2a6ac0f96ca",
      "parentUUID": "5a0ff321-01ec-4429-9525-5f81db091302",
      "skipped": false
    }
  ],
  "allFailures": [],
  "copyrightYear": 2017
}