{
  "stats": {
    "suites": 1,
    "tests": 6,
    "passes": 6,
    "pending": 0,
    "failures": 0,
    "start": "2017-04-06T22:33:39.002Z",
    "end": "2017-04-06T22:33:39.027Z",
    "duration": 25,
    "testsRegistered": 6,
    "passPercent": 100,
    "pendingPercent": 0,
    "other": 0,
    "hasOther": false,
    "skipped": 0,
    "hasSkipped": false,
    "passPercentClass": "success",
    "pendingPercentClass": "danger"
  },
  "suites": {
    "title": "",
    "suites": [
      {
        "title": "Tests ",
        "suites": [],
        "tests": [
          {
            "title": "Recibe el archivo y los valores resultantes por la division son iguales a los del ejemplo",
            "fullTitle": "Tests  Recibe el archivo y los valores resultantes por la division son iguales a los del ejemplo",
            "timedOut": false,
            "duration": 5,
            "state": "passed",
            "speed": "fast",
            "pass": true,
            "fail": false,
            "pending": false,
            "code": "expect(arrayReponse).to.deep.equal(arrayTest);",
            "err": {},
            "isRoot": false,
            "uuid": "59c2aca6-a8a9-4b45-a74d-5f558399cb11",
            "parentUUID": "6f5c1272-ddb3-4023-b2fc-b938713bbc05",
            "skipped": false
          },
          {
            "title": "Obtiene el average",
            "fullTitle": "Tests  Obtiene el average",
            "timedOut": false,
            "duration": 0,
            "state": "passed",
            "speed": "fast",
            "pass": true,
            "fail": false,
            "pending": false,
            "code": "expect(average).to.be.equal(2.801517529591993);",
            "err": {},
            "isRoot": false,
            "uuid": "e855ad2a-6673-41e2-b61e-ae7ec6e90c99",
            "parentUUID": "6f5c1272-ddb3-4023-b2fc-b938713bbc05",
            "skipped": false
          },
          {
            "title": "Obtiene la varianza",
            "fullTitle": "Tests  Obtiene la varianza",
            "timedOut": false,
            "duration": 0,
            "state": "passed",
            "speed": "fast",
            "pass": true,
            "fail": false,
            "pending": false,
            "code": "expect(variance).to.be.equal(0.43625283003464466);",
            "err": {},
            "isRoot": false,
            "uuid": "c4ecef67-94f1-4978-b601-2e158257b479",
            "parentUUID": "6f5c1272-ddb3-4023-b2fc-b938713bbc05",
            "skipped": false
          },
          {
            "title": "Obtiene la desviacion estandar",
            "fullTitle": "Tests  Obtiene la desviacion estandar",
            "timedOut": false,
            "duration": 0,
            "state": "passed",
            "speed": "fast",
            "pass": true,
            "fail": false,
            "pending": false,
            "code": "expect(standarDeviation).to.be.equal(0.6604943830454917);",
            "err": {},
            "isRoot": false,
            "uuid": "835cd3e8-fdff-402d-8945-ac1131cf6079",
            "parentUUID": "6f5c1272-ddb3-4023-b2fc-b938713bbc05",
            "skipped": false
          },
          {
            "title": "Obtiene los rangos logaritmicos",
            "fullTitle": "Tests  Obtiene los rangos logaritmicos",
            "timedOut": false,
            "duration": 1,
            "state": "passed",
            "speed": "fast",
            "pass": true,
            "fail": false,
            "pending": false,
            "code": "expect(logarithmicRanges).to.deep.equal(logarithmicRangesTest);",
            "err": {},
            "isRoot": false,
            "uuid": "56001e27-d17a-4554-8863-1823bff0a078",
            "parentUUID": "6f5c1272-ddb3-4023-b2fc-b938713bbc05",
            "skipped": false
          },
          {
            "title": "Obtiene los rangos normalizados",
            "fullTitle": "Tests  Obtiene los rangos normalizados",
            "timedOut": false,
            "duration": 0,
            "state": "passed",
            "speed": "fast",
            "pass": true,
            "fail": false,
            "pending": false,
            "code": "expect(normalizedRanges).to.deep.equal(normalizedRangesTest);",
            "err": {},
            "isRoot": false,
            "uuid": "291938dd-eb8c-4932-8f2c-939d11cbcf6b",
            "parentUUID": "6f5c1272-ddb3-4023-b2fc-b938713bbc05",
            "skipped": false
          }
        ],
        "pending": [],
        "root": false,
        "_timeout": 2000,
        "file": "/test/test.js",
        "uuid": "6f5c1272-ddb3-4023-b2fc-b938713bbc05",
        "fullFile": "/Users/aw2/nodeProjects/PruebasPSP/psp2/test/test.js",
        "passes": [
          {
            "title": "Recibe el archivo y los valores resultantes por la division son iguales a los del ejemplo",
            "fullTitle": "Tests  Recibe el archivo y los valores resultantes por la division son iguales a los del ejemplo",
            "timedOut": false,
            "duration": 5,
            "state": "passed",
            "speed": "fast",
            "pass": true,
            "fail": false,
            "pending": false,
            "code": "expect(arrayReponse).to.deep.equal(arrayTest);",
            "err": {},
            "isRoot": false,
            "uuid": "59c2aca6-a8a9-4b45-a74d-5f558399cb11",
            "parentUUID": "6f5c1272-ddb3-4023-b2fc-b938713bbc05",
            "skipped": false
          },
          {
            "title": "Obtiene el average",
            "fullTitle": "Tests  Obtiene el average",
            "timedOut": false,
            "duration": 0,
            "state": "passed",
            "speed": "fast",
            "pass": true,
            "fail": false,
            "pending": false,
            "code": "expect(average).to.be.equal(2.801517529591993);",
            "err": {},
            "isRoot": false,
            "uuid": "e855ad2a-6673-41e2-b61e-ae7ec6e90c99",
            "parentUUID": "6f5c1272-ddb3-4023-b2fc-b938713bbc05",
            "skipped": false
          },
          {
            "title": "Obtiene la varianza",
            "fullTitle": "Tests  Obtiene la varianza",
            "timedOut": false,
            "duration": 0,
            "state": "passed",
            "speed": "fast",
            "pass": true,
            "fail": false,
            "pending": false,
            "code": "expect(variance).to.be.equal(0.43625283003464466);",
            "err": {},
            "isRoot": false,
            "uuid": "c4ecef67-94f1-4978-b601-2e158257b479",
            "parentUUID": "6f5c1272-ddb3-4023-b2fc-b938713bbc05",
            "skipped": false
          },
          {
            "title": "Obtiene la desviacion estandar",
            "fullTitle": "Tests  Obtiene la desviacion estandar",
            "timedOut": false,
            "duration": 0,
            "state": "passed",
            "speed": "fast",
            "pass": true,
            "fail": false,
            "pending": false,
            "code": "expect(standarDeviation).to.be.equal(0.6604943830454917);",
            "err": {},
            "isRoot": false,
            "uuid": "835cd3e8-fdff-402d-8945-ac1131cf6079",
            "parentUUID": "6f5c1272-ddb3-4023-b2fc-b938713bbc05",
            "skipped": false
          },
          {
            "title": "Obtiene los rangos logaritmicos",
            "fullTitle": "Tests  Obtiene los rangos logaritmicos",
            "timedOut": false,
            "duration": 1,
            "state": "passed",
            "speed": "fast",
            "pass": true,
            "fail": false,
            "pending": false,
            "code": "expect(logarithmicRanges).to.deep.equal(logarithmicRangesTest);",
            "err": {},
            "isRoot": false,
            "uuid": "56001e27-d17a-4554-8863-1823bff0a078",
            "parentUUID": "6f5c1272-ddb3-4023-b2fc-b938713bbc05",
            "skipped": false
          },
          {
            "title": "Obtiene los rangos normalizados",
            "fullTitle": "Tests  Obtiene los rangos normalizados",
            "timedOut": false,
            "duration": 0,
            "state": "passed",
            "speed": "fast",
            "pass": true,
            "fail": false,
            "pending": false,
            "code": "expect(normalizedRanges).to.deep.equal(normalizedRangesTest);",
            "err": {},
            "isRoot": false,
            "uuid": "291938dd-eb8c-4932-8f2c-939d11cbcf6b",
            "parentUUID": "6f5c1272-ddb3-4023-b2fc-b938713bbc05",
            "skipped": false
          }
        ],
        "failures": [],
        "skipped": [],
        "hasTests": true,
        "hasSuites": false,
        "totalTests": 6,
        "totalPasses": 6,
        "totalFailures": 0,
        "totalPending": 0,
        "totalSkipped": 0,
        "hasPasses": true,
        "hasFailures": false,
        "hasPending": false,
        "hasSkipped": false,
        "duration": 6,
        "rootEmpty": false
      }
    ],
    "tests": [],
    "pending": [],
    "root": true,
    "_timeout": 2000,
    "uuid": "2620f180-6a29-4cee-8797-1fd5b164b6ee",
    "fullFile": "",
    "file": "",
    "passes": [],
    "failures": [],
    "skipped": [],
    "hasTests": false,
    "hasSuites": true,
    "totalTests": 0,
    "totalPasses": 0,
    "totalFailures": 0,
    "totalPending": 0,
    "totalSkipped": 0,
    "hasPasses": false,
    "hasFailures": false,
    "hasPending": false,
    "hasSkipped": false,
    "duration": 0,
    "rootEmpty": true
  },
  "allTests": [
    {
      "title": "Recibe el archivo y los valores resultantes por la division son iguales a los del ejemplo",
      "fullTitle": "Tests  Recibe el archivo y los valores resultantes por la division son iguales a los del ejemplo",
      "timedOut": false,
      "duration": 5,
      "state": "passed",
      "speed": "fast",
      "pass": true,
      "fail": false,
      "pending": false,
      "code": "expect(arrayReponse).to.deep.equal(arrayTest);",
      "err": {},
      "isRoot": false,
      "uuid": "59c2aca6-a8a9-4b45-a74d-5f558399cb11",
      "parentUUID": "6f5c1272-ddb3-4023-b2fc-b938713bbc05",
      "skipped": false
    },
    {
      "title": "Obtiene el average",
      "fullTitle": "Tests  Obtiene el average",
      "timedOut": false,
      "duration": 0,
      "state": "passed",
      "speed": "fast",
      "pass": true,
      "fail": false,
      "pending": false,
      "code": "expect(average).to.be.equal(2.801517529591993);",
      "err": {},
      "isRoot": false,
      "uuid": "e855ad2a-6673-41e2-b61e-ae7ec6e90c99",
      "parentUUID": "6f5c1272-ddb3-4023-b2fc-b938713bbc05",
      "skipped": false
    },
    {
      "title": "Obtiene la varianza",
      "fullTitle": "Tests  Obtiene la varianza",
      "timedOut": false,
      "duration": 0,
      "state": "passed",
      "speed": "fast",
      "pass": true,
      "fail": false,
      "pending": false,
      "code": "expect(variance).to.be.equal(0.43625283003464466);",
      "err": {},
      "isRoot": false,
      "uuid": "c4ecef67-94f1-4978-b601-2e158257b479",
      "parentUUID": "6f5c1272-ddb3-4023-b2fc-b938713bbc05",
      "skipped": false
    },
    {
      "title": "Obtiene la desviacion estandar",
      "fullTitle": "Tests  Obtiene la desviacion estandar",
      "timedOut": false,
      "duration": 0,
      "state": "passed",
      "speed": "fast",
      "pass": true,
      "fail": false,
      "pending": false,
      "code": "expect(standarDeviation).to.be.equal(0.6604943830454917);",
      "err": {},
      "isRoot": false,
      "uuid": "835cd3e8-fdff-402d-8945-ac1131cf6079",
      "parentUUID": "6f5c1272-ddb3-4023-b2fc-b938713bbc05",
      "skipped": false
    },
    {
      "title": "Obtiene los rangos logaritmicos",
      "fullTitle": "Tests  Obtiene los rangos logaritmicos",
      "timedOut": false,
      "duration": 1,
      "state": "passed",
      "speed": "fast",
      "pass": true,
      "fail": false,
      "pending": false,
      "code": "expect(logarithmicRanges).to.deep.equal(logarithmicRangesTest);",
      "err": {},
      "isRoot": false,
      "uuid": "56001e27-d17a-4554-8863-1823bff0a078",
      "parentUUID": "6f5c1272-ddb3-4023-b2fc-b938713bbc05",
      "skipped": false
    },
    {
      "title": "Obtiene los rangos normalizados",
      "fullTitle": "Tests  Obtiene los rangos normalizados",
      "timedOut": false,
      "duration": 0,
      "state": "passed",
      "speed": "fast",
      "pass": true,
      "fail": false,
      "pending": false,
      "code": "expect(normalizedRanges).to.deep.equal(normalizedRangesTest);",
      "err": {},
      "isRoot": false,
      "uuid": "291938dd-eb8c-4932-8f2c-939d11cbcf6b",
      "parentUUID": "6f5c1272-ddb3-4023-b2fc-b938713bbc05",
      "skipped": false
    }
  ],
  "allPending": [],
  "allPasses": [
    {
      "title": "Recibe el archivo y los valores resultantes por la division son iguales a los del ejemplo",
      "fullTitle": "Tests  Recibe el archivo y los valores resultantes por la division son iguales a los del ejemplo",
      "timedOut": false,
      "duration": 5,
      "state": "passed",
      "speed": "fast",
      "pass": true,
      "fail": false,
      "pending": false,
      "code": "expect(arrayReponse).to.deep.equal(arrayTest);",
      "err": {},
      "isRoot": false,
      "uuid": "59c2aca6-a8a9-4b45-a74d-5f558399cb11",
      "parentUUID": "6f5c1272-ddb3-4023-b2fc-b938713bbc05",
      "skipped": false
    },
    {
      "title": "Obtiene el average",
      "fullTitle": "Tests  Obtiene el average",
      "timedOut": false,
      "duration": 0,
      "state": "passed",
      "speed": "fast",
      "pass": true,
      "fail": false,
      "pending": false,
      "code": "expect(average).to.be.equal(2.801517529591993);",
      "err": {},
      "isRoot": false,
      "uuid": "e855ad2a-6673-41e2-b61e-ae7ec6e90c99",
      "parentUUID": "6f5c1272-ddb3-4023-b2fc-b938713bbc05",
      "skipped": false
    },
    {
      "title": "Obtiene la varianza",
      "fullTitle": "Tests  Obtiene la varianza",
      "timedOut": false,
      "duration": 0,
      "state": "passed",
      "speed": "fast",
      "pass": true,
      "fail": false,
      "pending": false,
      "code": "expect(variance).to.be.equal(0.43625283003464466);",
      "err": {},
      "isRoot": false,
      "uuid": "c4ecef67-94f1-4978-b601-2e158257b479",
      "parentUUID": "6f5c1272-ddb3-4023-b2fc-b938713bbc05",
      "skipped": false
    },
    {
      "title": "Obtiene la desviacion estandar",
      "fullTitle": "Tests  Obtiene la desviacion estandar",
      "timedOut": false,
      "duration": 0,
      "state": "passed",
      "speed": "fast",
      "pass": true,
      "fail": false,
      "pending": false,
      "code": "expect(standarDeviation).to.be.equal(0.6604943830454917);",
      "err": {},
      "isRoot": false,
      "uuid": "835cd3e8-fdff-402d-8945-ac1131cf6079",
      "parentUUID": "6f5c1272-ddb3-4023-b2fc-b938713bbc05",
      "skipped": false
    },
    {
      "title": "Obtiene los rangos logaritmicos",
      "fullTitle": "Tests  Obtiene los rangos logaritmicos",
      "timedOut": false,
      "duration": 1,
      "state": "passed",
      "speed": "fast",
      "pass": true,
      "fail": false,
      "pending": false,
      "code": "expect(logarithmicRanges).to.deep.equal(logarithmicRangesTest);",
      "err": {},
      "isRoot": false,
      "uuid": "56001e27-d17a-4554-8863-1823bff0a078",
      "parentUUID": "6f5c1272-ddb3-4023-b2fc-b938713bbc05",
      "skipped": false
    },
    {
      "title": "Obtiene los rangos normalizados",
      "fullTitle": "Tests  Obtiene los rangos normalizados",
      "timedOut": false,
      "duration": 0,
      "state": "passed",
      "speed": "fast",
      "pass": true,
      "fail": false,
      "pending": false,
      "code": "expect(normalizedRanges).to.deep.equal(normalizedRangesTest);",
      "err": {},
      "isRoot": false,
      "uuid": "291938dd-eb8c-4932-8f2c-939d11cbcf6b",
      "parentUUID": "6f5c1272-ddb3-4023-b2fc-b938713bbc05",
      "skipped": false
    }
  ],
  "allFailures": [],
  "copyrightYear": 2017
}